xcode-select: error: tool 'xcodebuild' requires Xcode, but active developer directory '/Library/Developer/CommandLineTools' is a command line tools instance

xcode-select: error: tool 'xcodebuild' requires Xcode, but active developer directory '/Library/Developer/CommandLineTools' is a command line tools instance

Traceback (most recent call last):
  File "/Users/jiyu/.nodebrew/node/v8.9.4/lib/node_modules/npm/node_modules/node-gyp/gyp/gyp_main.py", line 16, in <module>
    sys.exit(gyp.script_main())
  File "/Users/jiyu/.nodebrew/node/v8.9.4/lib/node_modules/npm/node_modules/node-gyp/gyp/pylib/gyp/__init__.py", line 545, in script_main
    return main(sys.argv[1:])
  File "/Users/jiyu/.nodebrew/node/v8.9.4/lib/node_modules/npm/node_modules/node-gyp/gyp/pylib/gyp/__init__.py", line 538, in main
    return gyp_main(args)
  File "/Users/jiyu/.nodebrew/node/v8.9.4/lib/node_modules/npm/node_modules/node-gyp/gyp/pylib/gyp/__init__.py", line 523, in gyp_main
    generator.GenerateOutput(flat_list, targets, data, params)
  File "/Users/jiyu/.nodebrew/node/v8.9.4/lib/node_modules/npm/node_modules/node-gyp/gyp/pylib/gyp/generator/make.py", line 2170, in GenerateOutput
    part_of_all=qualified_target in needed_targets)
  File "/Users/jiyu/.nodebrew/node/v8.9.4/lib/node_modules/npm/node_modules/node-gyp/gyp/pylib/gyp/generator/make.py", line 795, in Write
    self.Pchify))
  File "/Users/jiyu/.nodebrew/node/v8.9.4/lib/node_modules/npm/node_modules/node-gyp/gyp/pylib/gyp/generator/make.py", line 1190, in WriteSources
    cflags = self.xcode_settings.GetCflags(configname)
  File "/Users/jiyu/.nodebrew/node/v8.9.4/lib/node_modules/npm/node_modules/node-gyp/gyp/pylib/gyp/xcode_emulation.py", line 551, in GetCflags
    archs = self.GetActiveArchs(self.configname)
  File "/Users/jiyu/.nodebrew/node/v8.9.4/lib/node_modules/npm/node_modules/node-gyp/gyp/pylib/gyp/xcode_emulation.py", line 420, in GetActiveArchs
    xcode_archs_default = GetXcodeArchsDefault()
  File "/Users/jiyu/.nodebrew/node/v8.9.4/lib/node_modules/npm/node_modules/node-gyp/gyp/pylib/gyp/xcode_emulation.py", line 118, in GetXcodeArchsDefault
    xcode_version, _ = XcodeVersion()
  File "/Users/jiyu/.nodebrew/node/v8.9.4/lib/node_modules/npm/node_modules/node-gyp/gyp/pylib/gyp/xcode_emulation.py", line 1265, in XcodeVersion
    version = re.match(r'(\d\.\d\.?\d*)', version).groups()[0]
AttributeError: 'NoneType' object has no attribute 'groups'
gyp ERR! configure error 
gyp ERR! stack Error: `gyp` failed with exit code: 1
gyp ERR! stack     at ChildProcess.onCpExit (/Users/jiyu/.nodebrew/node/v8.9.4/lib/node_modules/npm/node_modules/node-gyp/lib/configure.js:336:16)
gyp ERR! stack     at emitTwo (events.js:126:13)
gyp ERR! stack     at ChildProcess.emit (events.js:214:7)
gyp ERR! stack     at Process.ChildProcess._handle.onexit (internal/child_process.js:198:12)
gyp ERR! System Darwin 17.7.0
gyp ERR! command "/Users/jiyu/.nodebrew/node/v8.9.4/bin/node" "/Users/jiyu/.nodebrew/node/v8.9.4/lib/node_modules/npm/node_modules/node-gyp/bin/node-gyp.js" "rebuild"
gyp ERR! cwd /Users/jiyu/glot/server/node_modules/ursa-optional
gyp ERR! node -v v8.9.4
gyp ERR! node-gyp -v v3.6.2
gyp ERR! not ok 
npm ERR! code ELIFECYCLE
npm ERR! errno 1
npm ERR! ursa-optional@0.9.8 rebuild: `node-gyp rebuild`
npm ERR! Exit status 1
npm ERR! 
npm ERR! Failed at the ursa-optional@0.9.8 rebuild script.
npm ERR! This is probably not a problem with npm. There is likely additional logging output above.
npm WARN Local package.json exists, but node_modules missing, did you mean to install?

npm ERR! A complete log of this run can be found in:
npm ERR!     /Users/jiyu/.npm/_logs/2018-09-28T02_59_25_720Z-debug.log
